Func
aux_test_extreme
badError
badError2
badFoo
bar
dbaccess
f
foo
foo2
func
func1
func2
getSSS
goodError
goodError2
goodFoo
goodFunc
handler
log_message
main
malloc
printf
run_termnate
strcpy
testFunc
testFunc_B
test_extreme
API06_NEED_WRAPPER
API06_WRAPPER
API07_FUNC
EVP_CIPHER_CTX_init
EVP_EncryptInit
EVP_aes_128_cbc
EVP_des_ecb
FCINLOOP_SUB
Fun_API04_call
LB_call_WA
LB_call_WLC_exit
LcfApError_API22
LcfSetUIMsg_API22
PFM_ERR_API10
PfmNumber_API10
RSA_generate_key
RSA_new()
RSA_private_decrypt(int, char *, char *, int *, int)
RSA_public_encrypt(int, char *, char *, int *, int)
SET_ERROR_API08
SET_ERR_API19
SET_ERR_API21
SQLAllocHnadle
SQLConnect(int, char *, int, char *, int, char *, int)
_setjmp
atexit
base64_decode(char *)
chroot
crypt
execl
fchmod
fork_FB08
fread
funcOne
funcTwo
fwrite
getResource
getgid
getlogin
getpwnam
getrlimit_FB09
gets
isTrustedGroup
isUserAuthentic
longjmp
lstat
malloc_FB06
memcpy_API01
memcpy_API02
memcpy_API03
memcpy_API09
memcpy_API11
memcpy_API12
memcpy_API14
memcpy_API15
memset_API13
mktemp_FB12
operator delete (void *)
operator delete[] (void *)
operator new (unsigned int)
operator new[] (unsigned int)
output
perror
pfmDbioCommit
pfmDbioRollback
pthread_create
pthread_setcanceltype
push
realloc_FB06
set_step_terminate
seteuid
setgid
sethostid
setsockopt
setuid
signal_FB10
sleep_FB13
some_error
some_error2
srand
srandom
strlen(const char *)
strlen_API11
strlen_API12
strncmp
system
time
tmpnam(char *)
tprecv_FB11
umask_FBD16
unknown
