LEAK.RESOURCE.1.2.11.0 1
LEAK.RESOURCE.1.2.12.0 1
LEAK.RESOURCE.1.2.13.0 1
LEAK.MEMORY.1.2.15.0 1
LEAK.MEMORY.1.2.16.0 1
MISSING_RETURN.1.2.17.0 1
NULL_DEREF.1.2.18.0 1
MISSING_RETURN.1.2.19.0 1
NULL_DEREF.1.2.20.0 1
SQL_INJECTION.1.2.21.0 1
MISSING_RETURN.1.2.22.0 1
MISMATCH.NEW_TO_FREE.1.2.23.0 1
MISMATCH.NEW_ARRAY_TO_FREE.1.2.25.0 1
MISMATCH.NEW_ARRAY_TO_DELETE.1.2.26.0 1
MISMATCH.NEW_TO_DELETE_ARRAY.1.2.27.0 1
UNINIT.1.2.29.0 1
MISSING_RETURN.1.2.30.0 1
MISSING_RETURN.1.2.31.0 1
LEAK.RESOURCE.1.2.32.0 1
OVERRUN.STATIC.1.2.33.0 1
OVERRUN.STATIC.BAD_COND.1.2.36.0 1
OVERRUN.STATIC.MEMSET.BAD_COND.1.2.37.0 1
LEAK.MEMORY.1.2.38.0 1
MISSING_RETURN.1.2.42.0 1
MISSING_RETURN.1.2.43.0 1
DIV_BY_ZERO.1.2.44.0 1
DIV_BY_ZERO.MISSING_CHECK.1.2.45.0 1
DOUBLE_CLOSE.1.2.47.0 1
LEAK.RESOURCE.1.2.53.0 1
DOUBLE_LOCK.1.2.50.0 1
IMPROPER_NULL_TERMINATION.1.2.49.0 1
IMPROPER_NULL_TERMINATION.1.2.51.0 1
DOUBLE_UNLOCK.1.2.52.0 1
EXECL_REVEALS_DATA.1.2.54.0 1
RACE_CONDITION.1.2.55.0 1
LEAK.RESOURCE.1.2.56.0 1
MISSING_RETURN.1.2.57.0 1
FREE_NON_HEAP.1.2.58.0 1
UNDERRUN.STATIC.BAD_COND.1.2.60.0 1
MISSING_RETURN.1.2.61.0 1
INFORMATION_LEAK.1.2.63.0 1
INTEGER_OVERFLOW.1.2.64.0 1
INTEGER_OVERFLOW.1.2.65.0 1
LDAP_INJECTION.1.2.66.0 1
UNINIT.1.2.67.0 1
LDAP_INJECTION.1.2.68.0 1
LEAK.RESOURCE.1.2.71.0 1
UNINIT.1.2.69.0 1
UNINIT.1.2.70.0 1
DO_NOT_ASSUME_ENV.1.2.72.0 1
UNBOUNDED_SOURCE_TO_ARRAY.1.2.73.0 1
UNINIT.1.2.74.0 1
MISSING_RETURN.1.2.77.0 1
MISSING_RETURN.1.2.78.0 1
RESOURCE_INJECTION.1.2.79.0 1
UNINIT.1.2.80.0 1
NULL_DEREF.1.2.82.0 1
NULL_DEREF.MISSING_CHECK.1.2.83.0 1
PROCESS_CONTROL.1.2.84.0 1
LEAK.RESOURCE.1.2.87.0 1
LEAK.RESOURCE.1.2.88.0 1
RETURN_LOCAL.1.2.90.0 1
LEAK.RESOURCE.1.2.92.0 1
INTEGER_OVERFLOW.1.2.93.0 1
INTEGER_OVERFLOW.1.2.94.0 1
IMPROPER_AUTHORIZATION.1.2.95.0 1
SHIFT_EXCEEDS_BIT_WIDTH.1.2.96.0 1
SHIFT_NEGATIVE.1.2.97.0 1
LEAK.MEMORY.1.2.14.0 1
LEAK.RESOURCE.1.2.103.0 1
TRYLOCK_FAIL.1.2.100.0 1
IMPROPER_NULL_TERMINATION.1.2.99.0 1
IMPROPER_NULL_TERMINATION.1.2.101.0 1
DOUBLE_UNLOCK.1.2.102.0 1
TYPE_UNDERRUN.BAD_COND.1.2.104.0 1
TYPE_UNDERRUN.STATIC.1.2.105.0 1
UNDERRUN.STATIC.1.2.106.0 1
UNDERRUN.STATIC.BAD_COND.1.2.107.0 1
UNINIT.1.2.108.0 1
LEAK.RESOURCE.1.2.111.0 1
IMPROPER_NULL_TERMINATION.1.2.109.0 1
DOUBLE_UNLOCK.1.2.110.0 1
USE_AFTER_FREE.1.2.112.0 1
LEAK.RESOURCE.1.2.115.0 1
INFORMATION_LEAK.1.2.113.0 2
INFORMATION_LEAK.1.2.114.0 2
USE_CORRECT_BYTE_ORDERING.1.2.116.0 1
MISSING_RETURN.1.2.117.0 1
IMPROPER_NULL_TERMINATION.1.2.119.0 1
